<?xml version="1.0" encoding="utf-8"?><testsuites name="pytest tests"><testsuite name="pytest" errors="0" failures="0" skipped="0" tests="18" time="1.959" timestamp="2026-04-19T13:25:07.122748+00:00" hostname="agent-env-6ea7dc26-cb9a-45fa-8b6d-a953adecbc00"><testcase classname="backend.tests.test_webhook_chat.TestHealth" name="test_root" time="0.259" /><testcase classname="backend.tests.test_webhook_chat.TestSessions" name="test_create_session" time="0.049" /><testcase classname="backend.tests.test_webhook_chat.TestSessions" name="test_create_session_defaults" time="0.043" /><testcase classname="backend.tests.test_webhook_chat.TestSessions" name="test_list_sessions_sorted" time="0.045" /><testcase classname="backend.tests.test_webhook_chat.TestSessions" name="test_get_session_ok" time="0.045" /><testcase classname="backend.tests.test_webhook_chat.TestSessions" name="test_get_session_404" time="0.044" /><testcase classname="backend.tests.test_webhook_chat.TestSessions" name="test_patch_session" time="0.139" /><testcase classname="backend.tests.test_webhook_chat.TestSessions" name="test_patch_session_404" time="0.051" /><testcase classname="backend.tests.test_webhook_chat.TestChat" name="test_chat_404_unknown_session" time="0.046" /><testcase classname="backend.tests.test_webhook_chat.TestChat" name="test_chat_invalid_webhook_url" time="0.094" /><testcase classname="backend.tests.test_webhook_chat.TestChat" name="test_chat_missing_webhook_url" time="0.044" /><testcase classname="backend.tests.test_webhook_chat.TestChat" name="test_chat_success_with_echo" time="0.271" /><testcase classname="backend.tests.test_webhook_chat.TestChat" name="test_messages_listed_in_order" time="0.050" /><testcase classname="backend.tests.test_webhook_chat.TestChat" name="test_chat_connection_error" time="0.093" /><testcase classname="backend.tests.test_webhook_chat.TestPing" name="test_ping_reachable" time="0.149" /><testcase classname="backend.tests.test_webhook_chat.TestPing" name="test_ping_invalid_url" time="0.043" /><testcase classname="backend.tests.test_webhook_chat.TestPing" name="test_ping_unreachable" time="0.068" /><testcase classname="backend.tests.test_webhook_chat.TestDelete" name="test_delete_sessions_and_messages" time="0.289" /></testsuite></testsuites>